Build started 20/01/2015 10:11:44 p. m..
     1>Project "C:\Users\Carlos\Documents\Masters\Graphics\Week 1\Graphics Coursework\GraphicsCoursework.vcxproj" on node 2 (Build target(s)).
     1>ClCompile:
         c:\Program Files (x86)\Microsoft Visual Studio 10.0\VC\bin\CL.exe /c /ZI /nologo /W3 /WX- /Od /Oy- /D _MBCS /Gm /EHsc /RTC1 /MDd /GS /fp:precise /Zc:wchar_t /Zc:forScope /Fo"Debug\\" /Fd"Debug\vc100.pdb" /Gd /TP /analyze- /errorReport:prompt Branch.cpp Grass.cpp Sphere.cpp main.cpp Renderer.cpp TextMesh.cpp Tree.cpp
         Tree.cpp
         TextMesh.cpp
         Renderer.cpp
     1>c:\users\carlos\documents\masters\graphics\week 1\graphics coursework\renderer.cpp(627): warning C4244: 'argument' : conversion from 'float' to 'int', possible loss of data
     1>c:\users\carlos\documents\masters\graphics\week 1\graphics coursework\renderer.cpp(650): warning C4244: 'argument' : conversion from 'float' to 'int', possible loss of data
     1>c:\users\carlos\documents\masters\graphics\week 1\graphics coursework\renderer.cpp(658): warning C4244: 'argument' : conversion from 'float' to 'int', possible loss of data
         main.cpp
         Sphere.cpp
         Grass.cpp
         Branch.cpp
         Generating Code...
       Link:
         c:\Program Files (x86)\Microsoft Visual Studio 10.0\VC\bin\link.exe /ERRORREPORT:PROMPT /OUT:"C:\Users\Carlos\Documents\Masters\Graphics\Week 1\Graphics Coursework\Debug\GraphicsCoursework.exe" /NOLOGO kernel32.lib user32.lib gdi32.lib winspool.lib comdlg32.lib advapi32.lib shell32.lib ole32.lib oleaut32.lib uuid.lib odbc32.lib odbccp32.lib /MANIFEST /ManifestFile:"Debug\GraphicsCoursework.exe.intermediate.manifest" /MANIFESTUAC:"level='asInvoker' uiAccess='false'" /DEBUG /PDB:"C:\Users\Carlos\Documents\Masters\Graphics\Week 1\Graphics Coursework\Debug\GraphicsCoursework.pdb" /TLBID:1 /DYNAMICBASE /NXCOMPAT /IMPLIB:"C:\Users\Carlos\Documents\Masters\Graphics\Week 1\Graphics Coursework\Debug\GraphicsCoursework.lib" /MACHINE:X86 Debug\Branch.obj
         Debug\Grass.obj
         Debug\Sphere.obj
         Debug\main.obj
         Debug\Renderer.obj
         Debug\TextMesh.obj
         Debug\Tree.obj
     1>SOIL.lib(image_DXT.obj) : warning LNK4204: 'C:\Users\Carlos\Documents\Masters\Graphics\Week 1\Graphics Coursework\Debug\vc100.pdb' is missing debugging information for referencing module; linking object as if no debug info
     1>SOIL.lib(image_helper.obj) : warning LNK4204: 'C:\Users\Carlos\Documents\Masters\Graphics\Week 1\Graphics Coursework\Debug\vc100.pdb' is missing debugging information for referencing module; linking object as if no debug info
     1>SOIL.lib(SOIL.obj) : warning LNK4204: 'C:\Users\Carlos\Documents\Masters\Graphics\Week 1\Graphics Coursework\Debug\vc100.pdb' is missing debugging information for referencing module; linking object as if no debug info
     1>SOIL.lib(stb_image_aug.obj) : warning LNK4204: 'C:\Users\Carlos\Documents\Masters\Graphics\Week 1\Graphics Coursework\Debug\vc100.pdb' is missing debugging information for referencing module; linking object as if no debug info
         GraphicsCoursework.vcxproj -> C:\Users\Carlos\Documents\Masters\Graphics\Week 1\Graphics Coursework\Debug\GraphicsCoursework.exe
       Manifest:
         C:\Program Files (x86)\Microsoft SDKs\Windows\v7.0A\bin\mt.exe /nologo /verbose /outputresource:"C:\Users\Carlos\Documents\Masters\Graphics\Week 1\Graphics Coursework\Debug\GraphicsCoursework.exe;#1" /manifest Debug\GraphicsCoursework.exe.intermediate.manifest
     1>Done Building Project "C:\Users\Carlos\Documents\Masters\Graphics\Week 1\Graphics Coursework\GraphicsCoursework.vcxproj" (Build target(s)).

Build succeeded.

Time Elapsed 00:00:06.06
