c:\users\cmdadmin\documents\week 1\graphics coursework\debug\branch.obj
c:\users\cmdadmin\documents\week 1\graphics coursework\debug\grass.obj
c:\users\cmdadmin\documents\week 1\graphics coursework\debug\sphere.obj
c:\users\cmdadmin\documents\week 1\graphics coursework\debug\main.obj
c:\users\cmdadmin\documents\week 1\graphics coursework\debug\renderer.obj
c:\users\cmdadmin\documents\week 1\graphics coursework\debug\textmesh.obj
c:\users\cmdadmin\documents\week 1\graphics coursework\debug\tree.obj
c:\users\cmdadmin\documents\week 1\graphics coursework\debug\vc100.pdb
c:\users\carlos\documents\masters\graphics\week 1\graphics coursework\debug\branch.obj
c:\users\carlos\documents\masters\graphics\week 1\graphics coursework\debug\grass.obj
c:\users\carlos\documents\masters\graphics\week 1\graphics coursework\debug\sphere.obj
c:\users\carlos\documents\masters\graphics\week 1\graphics coursework\debug\main.obj
c:\users\carlos\documents\masters\graphics\week 1\graphics coursework\debug\renderer.obj
c:\users\carlos\documents\masters\graphics\week 1\graphics coursework\debug\textmesh.obj
c:\users\carlos\documents\masters\graphics\week 1\graphics coursework\debug\tree.obj
c:\users\carlos\documents\masters\graphics\week 1\graphics coursework\debug\vc100.pdb
c:\users\cmdadmin\documents\week 1\graphics coursework\debug\graphicscoursework.ilk
c:\users\cmdadmin\documents\week 1\graphics coursework\debug\graphicscoursework.exe
c:\users\cmdadmin\documents\week 1\graphics coursework\debug\graphicscoursework.exe.intermediate.manifest
c:\users\cmdadmin\documents\week 1\graphics coursework\debug\graphicscoursework.pdb
c:\users\carlos\documents\masters\graphics\week 1\graphics coursework\debug\graphicscoursework.ilk
c:\users\carlos\documents\masters\graphics\week 1\graphics coursework\debug\graphicscoursework.exe
c:\users\carlos\documents\masters\graphics\week 1\graphics coursework\debug\graphicscoursework.exe.intermediate.manifest
c:\users\carlos\documents\masters\graphics\week 1\graphics coursework\debug\graphicscoursework.pdb
c:\users\carlos\documents\masters\graphics\week 1\graphics coursework\debug\vc120.pdb
c:\users\carlos\documents\masters\graphics\week 1\graphics coursework\debug\vc120.idb
c:\users\carlos\documents\masters\graphics\week 1\graphics coursework\debug\cl.command.1.tlog
c:\users\carlos\documents\masters\graphics\week 1\graphics coursework\debug\cl.read.1.tlog
c:\users\carlos\documents\masters\graphics\week 1\graphics coursework\debug\cl.write.1.tlog
c:\users\carlos\documents\masters\graphics\week 1\graphics coursework\debug\link.command.1.tlog
c:\users\carlos\documents\masters\graphics\week 1\graphics coursework\debug\link.read.1.tlog
c:\users\carlos\documents\masters\graphics\week 1\graphics coursework\debug\link.read.2.tlog
c:\users\carlos\documents\masters\graphics\week 1\graphics coursework\debug\link.write.1.tlog
c:\users\carlos\documents\masters\graphics\week 1\graphics coursework\debug\mt.command.1.tlog
c:\users\carlos\documents\masters\graphics\week 1\graphics coursework\debug\mt.read.1.tlog
c:\users\carlos\documents\masters\graphics\week 1\graphics coursework\debug\mt.write.1.tlog
c:\users\carlos\documents\masters\graphics\week 1\graphics coursework\debug\vc100.idb
c:\users\carlos\documents\masters\graphics\week 1\graphics coursework\debug\graphics.909a2cfc.tlog\cl.command.1.tlog
c:\users\carlos\documents\masters\graphics\week 1\graphics coursework\debug\graphics.909a2cfc.tlog\cl.read.1.tlog
c:\users\carlos\documents\masters\graphics\week 1\graphics coursework\debug\graphics.909a2cfc.tlog\cl.write.1.tlog
c:\users\carlos\documents\masters\graphics\week 1\graphics coursework\debug\graphics.909a2cfc.tlog\link-cvtres.read.1.tlog
c:\users\carlos\documents\masters\graphics\week 1\graphics coursework\debug\graphics.909a2cfc.tlog\link-cvtres.write.1.tlog
c:\users\carlos\documents\masters\graphics\week 1\graphics coursework\debug\graphics.909a2cfc.tlog\link-rc.read.1.tlog
c:\users\carlos\documents\masters\graphics\week 1\graphics coursework\debug\graphics.909a2cfc.tlog\link-rc.write.1.tlog
c:\users\carlos\documents\masters\graphics\week 1\graphics coursework\debug\graphics.909a2cfc.tlog\link.command.1.tlog
c:\users\carlos\documents\masters\graphics\week 1\graphics coursework\debug\graphics.909a2cfc.tlog\link.read.1.tlog
c:\users\carlos\documents\masters\graphics\week 1\graphics coursework\debug\graphics.909a2cfc.tlog\link.write.1.tlog
