Build started 20/11/2014 19:06:16.
     1>Project "C:\Users\cmdadmin\Documents\Week 1\Graphics Coursework\GraphicsCoursework.vcxproj" on node 2 (Build target(s)).
     1>ClCompile:
         C:\Program Files (x86)\Microsoft Visual Studio 10.0\VC\bin\CL.exe /c /Zi /nologo /W3 /WX- /O2 /Oi /Oy- /GL /D _MBCS /Gm- /EHsc /MD /GS /Gy /fp:precise /Zc:wchar_t /Zc:forScope /Fo"Release\\" /Fd"Release\vc100.pdb" /Gd /TP /analyze- /errorReport:prompt Branch.cpp Tree.cpp
         Branch.cpp
         Tree.cpp
       Link:
         C:\Program Files (x86)\Microsoft Visual Studio 10.0\VC\bin\link.exe /ERRORREPORT:PROMPT /OUT:"C:\Users\cmdadmin\Documents\Week 1\Graphics Coursework\Release\GraphicsCoursework.exe" /NOLOGO kernel32.lib user32.lib gdi32.lib winspool.lib comdlg32.lib advapi32.lib shell32.lib ole32.lib oleaut32.lib uuid.lib odbc32.lib odbccp32.lib /MANIFEST /ManifestFile:"Release\GraphicsCoursework.exe.intermediate.manifest" /MANIFESTUAC:"level='asInvoker' uiAccess='false'" /DEBUG /PDB:"C:\Users\cmdadmin\Documents\Week 1\Graphics Coursework\Release\GraphicsCoursework.pdb" /OPT:REF /OPT:ICF /LTCG /TLBID:1 /DYNAMICBASE /NXCOMPAT /IMPLIB:"C:\Users\cmdadmin\Documents\Week 1\Graphics Coursework\Release\GraphicsCoursework.lib" /MACHINE:X86 Release\Branch.obj
         Release\Sphere.obj
         Release\main.obj
         Release\Renderer.obj
         Release\TextMesh.obj
         Release\Tree.obj
         Generating code
         Finished generating code
     1>SOIL.lib(SOIL.obj) : warning LNK4204: 'C:\Users\cmdadmin\Documents\Week 1\Graphics Coursework\Release\vc100.pdb' is missing debugging information for referencing module; linking object as if no debug info
     1>SOIL.lib(stb_image_aug.obj) : warning LNK4204: 'C:\Users\cmdadmin\Documents\Week 1\Graphics Coursework\Release\vc100.pdb' is missing debugging information for referencing module; linking object as if no debug info
     1>SOIL.lib(image_helper.obj) : warning LNK4204: 'C:\Users\cmdadmin\Documents\Week 1\Graphics Coursework\Release\vc100.pdb' is missing debugging information for referencing module; linking object as if no debug info
     1>SOIL.lib(image_DXT.obj) : warning LNK4204: 'C:\Users\cmdadmin\Documents\Week 1\Graphics Coursework\Release\vc100.pdb' is missing debugging information for referencing module; linking object as if no debug info
         GraphicsCoursework.vcxproj -> C:\Users\cmdadmin\Documents\Week 1\Graphics Coursework\Release\GraphicsCoursework.exe
       Manifest:
         C:\Program Files (x86)\Microsoft SDKs\Windows\v7.0A\bin\mt.exe /nologo /verbose /outputresource:"C:\Users\cmdadmin\Documents\Week 1\Graphics Coursework\Release\GraphicsCoursework.exe;#1" /manifest Release\GraphicsCoursework.exe.intermediate.manifest
     1>Done Building Project "C:\Users\cmdadmin\Documents\Week 1\Graphics Coursework\GraphicsCoursework.vcxproj" (Build target(s)).

Build succeeded.

Time Elapsed 00:00:02.57
